<?xml version="1.0" encoding="UTF-8"?>
<testsuite xmlns:xsi="http://www.w3.org/2001/XMLSchema-instance" xsi:noNamespaceSchemaLocation="https://maven.apache.org/surefire/maven-surefire-plugin/xsd/surefire-test-report-3.0.xsd" version="3.0" name="Java_lab_2023.lab_8.demo.src.test.java.MySetTest" time="0.069" tests="8" errors="0" skipped="0" failures="0">
  <properties>
[...]
</properties>
  <testcase name="testAddInvalidElement" classname="Java_lab_2023.lab_8.demo.src.test.java.MySetTest" time="0.035"/>
  <testcase name="testAdd" classname="Java_lab_2023.lab_8.demo.src.test.java.MySetTest" time="0.0"/>
  <testcase name="testRetainAll" classname="Java_lab_2023.lab_8.demo.src.test.java.MySetTest" time="0.0"/>
  <testcase name="testRemoveAllInvalidElement" classname="Java_lab_2023.lab_8.demo.src.test.java.MySetTest" time="0.0"/>
  <testcase name="testAddAll" classname="Java_lab_2023.lab_8.demo.src.test.java.MySetTest" time="0.0"/>
  <testcase name="testRemoveInvalidElement" classname="Java_lab_2023.lab_8.demo.src.test.java.MySetTest" time="0.0"/>
  <testcase name="testRemove" classname="Java_lab_2023.lab_8.demo.src.test.java.MySetTest" time="0.014"/>
  <testcase name="testRemoveAll" classname="Java_lab_2023.lab_8.demo.src.test.java.MySetTest" time="0.001"/>
</testsuite>